<<<<<<< HEAD
2026-01-29 12:59:39.568 Main - ARRANCANDO APLICACION
2026-01-29 13:04:58.279 Main - ARRANCANDO APLICACION
2026-01-29 13:17:12.433 Main - ARRANCANDO APLICACION
2026-01-29 13:28:32.354 Main - ARRANCANDO APLICACION
2026-01-29 13:29:53.047 Main - ARRANCANDO APLICACION
2026-01-29 13:30:44.121 Main - ARRANCANDO APLICACION
2026-01-29 13:33:46.152 Main - ARRANCANDO APLICACION
2026-01-29 13:35:36.399 Main - ARRANCANDO APLICACION
2026-01-29 13:36:40.775 Main - ARRANCANDO APLICACION
2026-01-29 13:37:13.196 Main - ARRANCANDO APLICACION
2026-02-14 12:41:59.065 Main - ARRANCANDO APLICACION
2026-02-14 12:46:49.940 Main - ARRANCANDO APLICACION
2026-02-14 12:48:21.038 Main - ARRANCANDO APLICACION
2026-02-14 12:55:08.388 Main - ARRANCANDO APLICACION
2026-02-14 12:55:44.748 Main - ARRANCANDO APLICACION
=======
2026-01-29 12:59:39.568 Main - ARRANCANDO APLICACION
2026-01-29 13:04:58.279 Main - ARRANCANDO APLICACION
2026-01-29 13:17:12.433 Main - ARRANCANDO APLICACION
2026-01-29 13:28:32.354 Main - ARRANCANDO APLICACION
2026-01-29 13:29:53.047 Main - ARRANCANDO APLICACION
2026-01-29 13:30:44.121 Main - ARRANCANDO APLICACION
2026-01-29 13:33:46.152 Main - ARRANCANDO APLICACION
2026-01-29 13:35:36.399 Main - ARRANCANDO APLICACION
2026-01-29 13:36:40.775 Main - ARRANCANDO APLICACION
2026-01-29 13:37:13.196 Main - ARRANCANDO APLICACION
2026-01-30 08:38:56.912 Main - ARRANCANDO APLICACION
2026-01-30 08:48:58.980 Main - ARRANCANDO APLICACION
2026-01-30 08:49:43.644 Main - ARRANCANDO APLICACION
2026-01-30 08:50:23.625 Main - ARRANCANDO APLICACION
2026-01-30 08:51:17.145 Main - ARRANCANDO APLICACION
2026-01-30 08:51:52.936 Main - ARRANCANDO APLICACION
2026-01-30 08:52:09.649 Main - ARRANCANDO APLICACION
2026-01-30 08:57:40.564 Main - ARRANCANDO APLICACION
2026-01-30 09:00:32.236 Main - ARRANCANDO APLICACION
2026-01-30 09:00:42.391 Main - ARRANCANDO APLICACION
2026-01-30 09:02:04.962 Main - ARRANCANDO APLICACION
2026-01-30 09:03:10.765 Main - ARRANCANDO APLICACION
2026-01-30 09:04:00.242 Main - ARRANCANDO APLICACION
2026-01-30 09:04:45.012 Main - ARRANCANDO APLICACION
2026-01-30 09:05:00.998 Main - ARRANCANDO APLICACION
2026-01-30 09:06:15.458 Main - ARRANCANDO APLICACION
2026-01-30 09:08:58.022 Main - ARRANCANDO APLICACION
2026-01-30 09:12:07.382 Main - ARRANCANDO APLICACION
2026-01-30 09:23:06.611 Main - ARRANCANDO APLICACION
2026-01-30 09:23:11.537 Main - ARRANCANDO APLICACION
2026-01-30 09:33:49.517 Main - ARRANCANDO APLICACION
2026-01-30 09:34:30.432 Main - ARRANCANDO APLICACION
2026-01-30 09:34:56.064 Main - ARRANCANDO APLICACION
2026-01-30 09:35:45.233 Main - ARRANCANDO APLICACION
2026-01-30 09:37:27.085 Main - ARRANCANDO APLICACION
2026-01-30 09:48:04.910 Main - ARRANCANDO APLICACION
2026-01-30 09:49:38.619 Main - ARRANCANDO APLICACION
2026-01-30 09:52:36.965 Main - ARRANCANDO APLICACION
2026-02-02 10:02:39.111 Main - ARRANCANDO APLICACION
2026-02-02 10:11:35.143 Main - ARRANCANDO APLICACION
2026-02-02 10:24:56.525 Main - ARRANCANDO APLICACION
2026-02-02 10:37:40.190 Main - ARRANCANDO APLICACION
2026-02-05 08:18:47.626 Main - ARRANCANDO APLICACION
2026-02-05 08:20:42.858 Main - ARRANCANDO APLICACION
2026-02-05 08:21:54.991 Main - ARRANCANDO APLICACION
2026-02-05 08:23:50.057 Main - ARRANCANDO APLICACION
2026-02-05 08:25:51.900 Main - ARRANCANDO APLICACION
2026-02-05 08:28:46.508 Main - ARRANCANDO APLICACION
2026-02-05 08:29:49.145 Main - ARRANCANDO APLICACION
2026-02-05 08:31:10.917 Main - ARRANCANDO APLICACION
2026-02-06 08:13:10.195 Main - ARRANCANDO APLICACION
2026-02-06 08:14:46.387 Main - ARRANCANDO APLICACION
2026-02-06 09:01:25.630 Main - ARRANCANDO APLICACION
2026-02-06 09:17:14.184 Main - ARRANCANDO APLICACION
2026-02-06 09:18:14.661 Main - ARRANCANDO APLICACION
2026-02-06 09:21:25.388 Main - ARRANCANDO APLICACION
2026-02-06 09:22:33.715 Main - ARRANCANDO APLICACION
2026-02-06 09:22:52.170 Main - ARRANCANDO APLICACION
2026-02-06 09:53:29.526 Main - ARRANCANDO APLICACION
2026-02-06 09:56:01.480 Main - ARRANCANDO APLICACION
2026-02-06 09:58:45.462 Main - ARRANCANDO APLICACION
2026-02-06 09:59:14.989 Main - ARRANCANDO APLICACION
2026-02-06 09:59:31.007 Main - ARRANCANDO APLICACION
2026-02-06 09:59:52.833 Main - ARRANCANDO APLICACION
2026-02-09 09:47:49.195 Main - ARRANCANDO APLICACION
2026-02-09 09:48:07.586 Main - ARRANCANDO APLICACION
2026-02-09 09:48:19.277 Main - ARRANCANDO APLICACION
2026-02-09 09:48:27.870 Main - ARRANCANDO APLICACION
2026-02-09 09:50:29.906 Main - ARRANCANDO APLICACION
2026-02-09 10:01:38.825 Main - ARRANCANDO APLICACION
2026-02-09 10:02:44.935 Main - ARRANCANDO APLICACION
2026-02-09 10:22:57.777 Main - ARRANCANDO APLICACION
2026-02-09 10:26:10.184 Main - ARRANCANDO APLICACION
2026-02-09 10:26:51.769 Main - ARRANCANDO APLICACION
2026-02-09 10:27:55.986 Main - ARRANCANDO APLICACION
2026-02-09 10:28:28.109 Main - ARRANCANDO APLICACION
2026-02-09 10:41:19.231 Main - ARRANCANDO APLICACION
2026-02-09 10:42:05.704 Main - ARRANCANDO APLICACION
2026-02-12 22:13:14.941 Main - ARRANCANDO APLICACION
2026-02-12 22:22:40.374 Main - ARRANCANDO APLICACION
2026-02-13 08:10:54.776 Main - ARRANCANDO APLICACION
2026-02-13 08:37:46.698 Main - ARRANCANDO APLICACION
2026-02-13 08:38:22.408 Main - ARRANCANDO APLICACION
2026-02-13 09:51:44.617 Main - ARRANCANDO APLICACION
2026-02-13 09:52:53.693 Main - ARRANCANDO APLICACION
2026-02-13 09:54:20.765 Main - ARRANCANDO APLICACION
2026-02-13 09:55:58.455 Main - ARRANCANDO APLICACION
2026-02-13 09:56:35.989 Main - ARRANCANDO APLICACION
>>>>>>> rescate-mis-commits
